2024-09-13 14:19:11.396  INFO 4168 --- [restartedMain] com.abc.StudentTrackApplication          : Starting StudentTrackApplication using Java 17.0.11 on LAPTOP-7KGET1AM with PID 4168 (C:\Users\Arati & Pankaj\eclipse-workspace\StudentTrack\target\classes started by Arati & Pankaj in C:\Users\Arati & Pankaj\eclipse-workspace\StudentTrack)
2024-09-13 14:19:11.437  INFO 4168 --- [restartedMain] com.abc.StudentTrackApplication          : No active profile set, falling back to default profiles: default
2024-09-13 14:19:11.690  INFO 4168 --- [restartedMain] .e.DevToolsPropertyDefaultsPostProcessor : Devtools property defaults active! Set 'spring.devtools.add-properties' to 'false' to disable
2024-09-13 14:19:11.694  INFO 4168 --- [restartedMain] .e.DevToolsPropertyDefaultsPostProcessor : For additional web related logging consider setting the 'logging.level.web' property to 'DEBUG'
2024-09-13 14:19:14.010  INFO 4168 --- [restartedMain] .s.d.r.c.RepositoryConfigurationDelegate : Bootstrapping Spring Data JPA repositories in DEFAULT mode.
2024-09-13 14:19:14.121  INFO 4168 --- [restartedMain] .s.d.r.c.RepositoryConfigurationDelegate : Finished Spring Data repository scanning in 53 ms. Found 0 JPA repository interfaces.
2024-09-13 14:19:17.066  INFO 4168 --- [restartedMain] o.s.b.w.embedded.tomcat.TomcatWebServer  : Tomcat initialized with port(s): 8080 (http)
2024-09-13 14:19:17.113  INFO 4168 --- [restartedMain] o.apache.catalina.core.StandardService   : Starting service [Tomcat]
2024-09-13 14:19:17.124  INFO 4168 --- [restartedMain] org.apache.catalina.core.StandardEngine  : Starting Servlet engine: [Apache Tomcat/9.0.54]
2024-09-13 14:19:17.502  INFO 4168 --- [restartedMain] o.a.c.c.C.[Tomcat].[localhost].[/]       : Initializing Spring embedded WebApplicationContext
2024-09-13 14:19:17.504  INFO 4168 --- [restartedMain] w.s.c.ServletWebServerApplicationContext : Root WebApplicationContext: initialization completed in 5802 ms
2024-09-13 14:19:18.283  INFO 4168 --- [restartedMain] o.hibernate.jpa.internal.util.LogHelper  : HHH000204: Processing PersistenceUnitInfo [name: default]
2024-09-13 14:19:18.504  INFO 4168 --- [restartedMain] org.hibernate.Version                    : HHH000412: Hibernate ORM core version 5.4.32.Final
2024-09-13 14:19:19.057  INFO 4168 --- [restartedMain] o.hibernate.annotations.common.Version   : HCANN000001: Hibernate Commons Annotations {5.1.2.Final}
2024-09-13 14:19:19.362  INFO 4168 --- [restartedMain] com.zaxxer.hikari.HikariDataSource       : HikariPool-1 - Starting...
2024-09-13 14:19:20.319  INFO 4168 --- [restartedMain] com.zaxxer.hikari.HikariDataSource       : HikariPool-1 - Start completed.
2024-09-13 14:19:20.360  INFO 4168 --- [restartedMain] org.hibernate.dialect.Dialect            : HHH000400: Using dialect: org.hibernate.dialect.MySQL8Dialect
2024-09-13 14:19:22.932  INFO 4168 --- [restartedMain] o.h.e.t.j.p.i.JtaPlatformInitiator       : HHH000490: Using JtaPlatform implementation: [org.hibernate.engine.transaction.jta.platform.internal.NoJtaPlatform]
2024-09-13 14:19:22.953  INFO 4168 --- [restartedMain] j.LocalContainerEntityManagerFactoryBean : Initialized JPA EntityManagerFactory for persistence unit 'default'
2024-09-13 14:19:23.362  WARN 4168 --- [restartedMain] JpaBaseConfiguration$JpaWebConfiguration : spring.jpa.open-in-view is enabled by default. Therefore, database queries may be performed during view rendering. Explicitly configure spring.jpa.open-in-view to disable this warning
2024-09-13 14:19:25.385  INFO 4168 --- [restartedMain] o.s.b.d.a.OptionalLiveReloadServer       : LiveReload server is running on port 35729
2024-09-13 14:19:25.501  INFO 4168 --- [restartedMain] o.s.b.w.embedded.tomcat.TomcatWebServer  : Tomcat started on port(s): 8080 (http) with context path ''
2024-09-13 14:19:25.532  INFO 4168 --- [restartedMain] com.abc.StudentTrackApplication          : Started StudentTrackApplication in 15.288 seconds (JVM running for 16.958)
2024-09-13 14:19:25.545  INFO 4168 --- [restartedMain] com.abc.StudentTrackApplication          : App Started
2024-09-13 14:20:49.228  INFO 4168 --- [http-nio-8080-exec-1] o.a.c.c.C.[Tomcat].[localhost].[/]       : Initializing Spring DispatcherServlet 'dispatcherServlet'
2024-09-13 14:20:49.229  INFO 4168 --- [http-nio-8080-exec-1] o.s.web.servlet.DispatcherServlet        : Initializing Servlet 'dispatcherServlet'
2024-09-13 14:20:49.233  INFO 4168 --- [http-nio-8080-exec-1] o.s.web.servlet.DispatcherServlet        : Completed initialization in 4 ms
2024-09-13 14:26:57.016  INFO 4168 --- [Thread-5] j.LocalContainerEntityManagerFactoryBean : Closing JPA EntityManagerFactory for persistence unit 'default'
2024-09-13 14:26:57.031  INFO 4168 --- [Thread-5] com.zaxxer.hikari.HikariDataSource       : HikariPool-1 - Shutdown initiated...
2024-09-13 14:26:57.055  INFO 4168 --- [Thread-5] com.zaxxer.hikari.HikariDataSource       : HikariPool-1 - Shutdown completed.
2024-09-13 14:26:57.243  INFO 4168 --- [restartedMain] com.abc.StudentTrackApplication          : Starting StudentTrackApplication using Java 17.0.11 on LAPTOP-7KGET1AM with PID 4168 (C:\Users\Arati & Pankaj\eclipse-workspace\StudentTrack\target\classes started by Arati & Pankaj in C:\Users\Arati & Pankaj\eclipse-workspace\StudentTrack)
2024-09-13 14:26:57.247  INFO 4168 --- [restartedMain] com.abc.StudentTrackApplication          : No active profile set, falling back to default profiles: default
2024-09-13 14:26:57.741  INFO 4168 --- [restartedMain] .s.d.r.c.RepositoryConfigurationDelegate : Bootstrapping Spring Data JPA repositories in DEFAULT mode.
2024-09-13 14:26:57.763  INFO 4168 --- [restartedMain] .s.d.r.c.RepositoryConfigurationDelegate : Finished Spring Data repository scanning in 19 ms. Found 0 JPA repository interfaces.
2024-09-13 14:26:58.025  INFO 4168 --- [restartedMain] o.s.b.w.embedded.tomcat.TomcatWebServer  : Tomcat initialized with port(s): 8080 (http)
2024-09-13 14:26:58.030  INFO 4168 --- [restartedMain] o.apache.catalina.core.StandardService   : Starting service [Tomcat]
2024-09-13 14:26:58.030  INFO 4168 --- [restartedMain] org.apache.catalina.core.StandardEngine  : Starting Servlet engine: [Apache Tomcat/9.0.54]
2024-09-13 14:26:58.089  INFO 4168 --- [restartedMain] o.a.c.c.C.[Tomcat].[localhost].[/]       : Initializing Spring embedded WebApplicationContext
2024-09-13 14:26:58.090  INFO 4168 --- [restartedMain] w.s.c.ServletWebServerApplicationContext : Root WebApplicationContext: initialization completed in 834 ms
2024-09-13 14:26:58.206  INFO 4168 --- [restartedMain] o.hibernate.jpa.internal.util.LogHelper  : HHH000204: Processing PersistenceUnitInfo [name: default]
2024-09-13 14:26:58.221  INFO 4168 --- [restartedMain] com.zaxxer.hikari.HikariDataSource       : HikariPool-2 - Starting...
2024-09-13 14:26:58.251  INFO 4168 --- [restartedMain] com.zaxxer.hikari.HikariDataSource       : HikariPool-2 - Start completed.
2024-09-13 14:26:58.252  INFO 4168 --- [restartedMain] org.hibernate.dialect.Dialect            : HHH000400: Using dialect: org.hibernate.dialect.MySQL8Dialect
2024-09-13 14:26:58.482  INFO 4168 --- [restartedMain] o.h.e.t.j.p.i.JtaPlatformInitiator       : HHH000490: Using JtaPlatform implementation: [org.hibernate.engine.transaction.jta.platform.internal.NoJtaPlatform]
2024-09-13 14:26:58.482  INFO 4168 --- [restartedMain] j.LocalContainerEntityManagerFactoryBean : Initialized JPA EntityManagerFactory for persistence unit 'default'
2024-09-13 14:26:58.744  WARN 4168 --- [restartedMain] JpaBaseConfiguration$JpaWebConfiguration : spring.jpa.open-in-view is enabled by default. Therefore, database queries may be performed during view rendering. Explicitly configure spring.jpa.open-in-view to disable this warning
2024-09-13 14:26:59.269  INFO 4168 --- [restartedMain] o.s.b.d.a.OptionalLiveReloadServer       : LiveReload server is running on port 35729
2024-09-13 14:26:59.286  INFO 4168 --- [restartedMain] o.s.b.w.embedded.tomcat.TomcatWebServer  : Tomcat started on port(s): 8080 (http) with context path ''
2024-09-13 14:26:59.292  INFO 4168 --- [restartedMain] com.abc.StudentTrackApplication          : Started StudentTrackApplication in 2.136 seconds (JVM running for 470.718)
2024-09-13 14:26:59.296  INFO 4168 --- [restartedMain] .ConditionEvaluationDeltaLoggingListener : Condition evaluation unchanged
2024-09-13 14:26:59.298  INFO 4168 --- [restartedMain] com.abc.StudentTrackApplication          : App Started
2024-09-13 14:27:06.641  INFO 4168 --- [http-nio-8080-exec-2] o.a.c.c.C.[Tomcat].[localhost].[/]       : Initializing Spring DispatcherServlet 'dispatcherServlet'
2024-09-13 14:27:06.652  INFO 4168 --- [http-nio-8080-exec-2] o.s.web.servlet.DispatcherServlet        : Initializing Servlet 'dispatcherServlet'
2024-09-13 14:27:06.654  INFO 4168 --- [http-nio-8080-exec-2] o.s.web.servlet.DispatcherServlet        : Completed initialization in 2 ms
2024-09-13 18:43:06.469  WARN 4168 --- [HikariPool-2 housekeeper] com.zaxxer.hikari.pool.HikariPool        : HikariPool-2 - Thread starvation or clock leap detected (housekeeper delta=2h24m36s19ms121µs300ns).
2024-09-13 18:44:11.096  INFO 4168 --- [Thread-7] j.LocalContainerEntityManagerFactoryBean : Closing JPA EntityManagerFactory for persistence unit 'default'
2024-09-13 18:44:11.136  INFO 4168 --- [Thread-7] com.zaxxer.hikari.HikariDataSource       : HikariPool-2 - Shutdown initiated...
2024-09-13 18:44:11.154  INFO 4168 --- [Thread-7] com.zaxxer.hikari.HikariDataSource       : HikariPool-2 - Shutdown completed.
2024-09-13 18:44:12.127  INFO 4168 --- [restartedMain] com.abc.StudentTrackApplication          : Starting StudentTrackApplication using Java 17.0.11 on LAPTOP-7KGET1AM with PID 4168 (C:\Users\Arati & Pankaj\eclipse-workspace\StudentTrack\target\classes started by Arati & Pankaj in C:\Users\Arati & Pankaj\eclipse-workspace\StudentTrack)
2024-09-13 18:44:12.129  INFO 4168 --- [restartedMain] com.abc.StudentTrackApplication          : No active profile set, falling back to default profiles: default
2024-09-13 18:44:13.046  INFO 4168 --- [restartedMain] .s.d.r.c.RepositoryConfigurationDelegate : Bootstrapping Spring Data JPA repositories in DEFAULT mode.
2024-09-13 18:44:13.073  INFO 4168 --- [restartedMain] .s.d.r.c.RepositoryConfigurationDelegate : Finished Spring Data repository scanning in 25 ms. Found 0 JPA repository interfaces.
2024-09-13 18:44:13.704  INFO 4168 --- [restartedMain] o.s.b.w.embedded.tomcat.TomcatWebServer  : Tomcat initialized with port(s): 8080 (http)
2024-09-13 18:44:13.705  INFO 4168 --- [restartedMain] o.apache.catalina.core.StandardService   : Starting service [Tomcat]
2024-09-13 18:44:13.709  INFO 4168 --- [restartedMain] org.apache.catalina.core.StandardEngine  : Starting Servlet engine: [Apache Tomcat/9.0.54]
2024-09-13 18:44:13.904  INFO 4168 --- [restartedMain] o.a.c.c.C.[Tomcat].[localhost].[/]       : Initializing Spring embedded WebApplicationContext
2024-09-13 18:44:13.906  INFO 4168 --- [restartedMain] w.s.c.ServletWebServerApplicationContext : Root WebApplicationContext: initialization completed in 1758 ms
2024-09-13 18:44:16.453  INFO 4168 --- [restartedMain] o.hibernate.jpa.internal.util.LogHelper  : HHH000204: Processing PersistenceUnitInfo [name: default]
2024-09-13 18:44:16.520  INFO 4168 --- [restartedMain] com.zaxxer.hikari.HikariDataSource       : HikariPool-3 - Starting...
2024-09-13 18:44:16.565  INFO 4168 --- [restartedMain] com.zaxxer.hikari.HikariDataSource       : HikariPool-3 - Start completed.
2024-09-13 18:44:16.568  INFO 4168 --- [restartedMain] org.hibernate.dialect.Dialect            : HHH000400: Using dialect: org.hibernate.dialect.MySQL8Dialect
2024-09-13 18:44:17.679  INFO 4168 --- [restartedMain] o.h.e.t.j.p.i.JtaPlatformInitiator       : HHH000490: Using JtaPlatform implementation: [org.hibernate.engine.transaction.jta.platform.internal.NoJtaPlatform]
2024-09-13 18:44:17.679  INFO 4168 --- [restartedMain] j.LocalContainerEntityManagerFactoryBean : Initialized JPA EntityManagerFactory for persistence unit 'default'
2024-09-13 18:44:18.072  WARN 4168 --- [restartedMain] JpaBaseConfiguration$JpaWebConfiguration : spring.jpa.open-in-view is enabled by default. Therefore, database queries may be performed during view rendering. Explicitly configure spring.jpa.open-in-view to disable this warning
2024-09-13 18:44:18.809  INFO 4168 --- [restartedMain] o.s.b.d.a.OptionalLiveReloadServer       : LiveReload server is running on port 35729
2024-09-13 18:44:18.824  INFO 4168 --- [restartedMain] o.s.b.w.embedded.tomcat.TomcatWebServer  : Tomcat started on port(s): 8080 (http) with context path ''
2024-09-13 18:44:18.824  INFO 4168 --- [restartedMain] com.abc.StudentTrackApplication          : Started StudentTrackApplication in 7.3 seconds (JVM running for 15910.266)
2024-09-13 18:44:18.824  INFO 4168 --- [restartedMain] .ConditionEvaluationDeltaLoggingListener : Condition evaluation unchanged
2024-09-13 18:44:18.824  INFO 4168 --- [restartedMain] com.abc.StudentTrackApplication          : App Started
